{"event": "Using device: cpu", "timestamp": "2025-04-27T19:41:33.255380Z"}
open file: c:/Python/YouTubeTranslation/.venv/Lib/site-packages/TTS/.models.json
tts_models/multilingual/multi-dataset/xtts_v2 is already downloaded.
open file: C:/Users/ron/AppData/Local/tts/tts_models--multilingual--multi-dataset--xtts_v2/config.json
Using selector: SelectSelector
Retrieve file size for https://huggingface.co/coqui/XTTS-v2/resolve/main/config.json
Fetch range for <File-like object HTTPFileSystem, https://huggingface.co/coqui/XTTS-v2/resolve/main/config.json>: 0-4368
https://huggingface.co/coqui/XTTS-v2/resolve/main/config.json : bytes=0-4367
<File-like object HTTPFileSystem, https://huggingface.co/coqui/XTTS-v2/resolve/main/config.json> read: 0 - 4368  , bytes: 0 hits, 1 misses, 4368 total requested bytes
open file: C:/Users/ron/AppData/Local/tts/tts_models--multilingual--multi-dataset--xtts_v2/config.json
Using model: xtts
open file: C:/Users/ron/AppData/Local/tts/tts_models--multilingual--multi-dataset--xtts_v2/model.pth
{"event": "Using TTS model: tts_models/multilingual/multi-dataset/xtts_v2", "timestamp": "2025-04-27T19:41:43.408167Z"}
{"channel_id": "UCT_qgyKHNU5V5FVmeeGjdhw", "event": "Processing channel", "timestamp": "2025-04-27T19:41:43.408167Z"}
file_cache is only supported with oauth2client<4.0.0
URL being requested: GET https://youtube.googleapis.com/youtube/v3/channels?part=contentDetails&id=UCT_qgyKHNU5V5FVmeeGjdhw&key=AIzaSyDmi5-YifGpVPBLp6OWTJqCU3rv15HQ28I&alt=json
URL being requested: GET https://youtube.googleapis.com/youtube/v3/playlistItems?part=contentDetails&playlistId=UUT_qgyKHNU5V5FVmeeGjdhw&maxResults=50&key=AIzaSyDmi5-YifGpVPBLp6OWTJqCU3rv15HQ28I&alt=json
URL being requested: GET https://youtube.googleapis.com/youtube/v3/playlistItems?part=contentDetails&playlistId=UUT_qgyKHNU5V5FVmeeGjdhw&maxResults=50&pageToken=EAAaHlBUOkNESWlFRVkwTURRNVJUZzFSVEpHTkVaRk5qQQ&key=AIzaSyDmi5-YifGpVPBLp6OWTJqCU3rv15HQ28I&alt=json
URL being requested: GET https://youtube.googleapis.com/youtube/v3/playlistItems?part=contentDetails&playlistId=UUT_qgyKHNU5V5FVmeeGjdhw&maxResults=50&pageToken=EAAaHlBUOkNHUWlFRGsxTkVWR1FUWkNPVVEwUmpKR01UWQ&key=AIzaSyDmi5-YifGpVPBLp6OWTJqCU3rv15HQ28I&alt=json
URL being requested: GET https://youtube.googleapis.com/youtube/v3/playlistItems?part=contentDetails&playlistId=UUT_qgyKHNU5V5FVmeeGjdhw&maxResults=50&pageToken=EAAaH1BUOkNKWUJJaEF4TnpFeVFrUTNOVFJCTVRneE1rVTM&key=AIzaSyDmi5-YifGpVPBLp6OWTJqCU3rv15HQ28I&alt=json
{"channel_id": "UCT_qgyKHNU5V5FVmeeGjdhw", "event": "Found 178 videos in channel", "timestamp": "2025-04-27T19:41:44.730415Z"}
Starting new HTTPS connection (1): www.youtube.com:443
https://www.youtube.com:443 "GET /watch?v=hsnLi4RqP1w HTTP/1.1" 200 None
https://www.youtube.com:443 "GET /api/timedtext?v=hsnLi4RqP1w&ei=eYgOaJ-_HeKo0_wPy5zhWQ&caps=asr&opi=112496729&xoaf=5&hl=en&ip=0.0.0.0&ipbits=0&expire=1745808105&sparams=ip,ipbits,expire,v,ei,caps,opi,xoaf&signature=2ABF36B4B45462EDB3022808C590B04D5CA709A3.E35D6686C0A22060ED16EA1997CECAF027C16468&key=yt8&kind=asr&lang=en&variant=punctuated HTTP/1.1" 200 None
{"original_language": "en", "video_id": "hsnLi4RqP1w", "event": "Found transcript", "timestamp": "2025-04-27T19:41:45.557311Z"}
{"original_language": "en", "video_id": "hsnLi4RqP1w", "event": "Processing transcript", "timestamp": "2025-04-27T19:41:45.557311Z"}
{"target_language": "fr", "video_id": "hsnLi4RqP1w", "event": "Processing Language", "timestamp": "2025-04-27T19:41:45.558318Z"}
{"target_language": "fr", "video_id": "hsnLi4RqP1w", "event": "Found Translation", "timestamp": "2025-04-27T19:41:45.569617Z"}
{"key": 8, "of": 198, "target_language": "fr", "video_id": "hsnLi4RqP1w", "event": "Generating voice file", "timestamp": "2025-04-27T19:41:45.599304Z"}
Text split into sentences.
Input: ["Euh, disons simplement que c'est un artefact n'a jamais eu de sens pour moi, donc si nous jetons un œil à ces deux systèmes lorsque vous effectuez votre test sanguin en vitamine D, vous regardez une version inactive de vous ne regardez pas le type de"]
Processing time: 55.355
Real-time factor: 2.326
{"key": 8, "Time": 143.40108333333333, "Start": 144.4, "event": "Timing", "timestamp": "2025-04-27T19:42:41.068883Z"}
{"key": 8, "of": 198, "target_language": "fr", "video_id": "hsnLi4RqP1w", "silence_duration": 449.512500000003, "event": "Appending voice file Silence", "timestamp": "2025-04-27T19:43:00.813577Z"}
{"key": 8, "of": 198, "target_language": "fr", "video_id": "hsnLi4RqP1w", "event": "Generated voice file", "timestamp": "2025-04-27T19:43:14.195189Z"}
{"key": 9, "of": 198, "target_language": "fr", "video_id": "hsnLi4RqP1w", "event": "Generating voice file", "timestamp": "2025-04-27T19:43:14.195189Z"}
Text split into sentences.
Input: ["La vitamine D qui va dans les cellules et comment cela se rapporte-t-il avec ces deux systèmes différents ici, nous l'obtenons, il devient assez technique, donc vous l'avez quand les gens se réfèrent à la vitamine D surtout lorsqu'ils se réfèrent à la vitamine D c'est"]
Processing time: 67.450
Real-time factor: 2.366
{"key": 9, "Time": 166.16716666666667, "Start": 157.599, "event": "Timing", "timestamp": "2025-04-27T19:44:21.723057Z"}
{"key": 9, "of": 198, "target_language": "fr", "video_id": "hsnLi4RqP1w", "event": "Generated voice file", "timestamp": "2025-04-27T19:44:28.273906Z"}
{"key": 10, "of": 198, "target_language": "fr", "video_id": "hsnLi4RqP1w", "event": "Generating voice file", "timestamp": "2025-04-27T19:44:28.273906Z"}
Text split into sentences.
Input: ["Le formulaire que vous obtenez lorsque vous prenez un supplément ou lorsque vous le faites dans votre peau lorsque le soleil frappe votre peau, c'est que nous appelons que la vitamine D ou le composé parent, puis ce composé va dans la circulation"]
Processing time: 32.712
Real-time factor: 2.115
{"key": 10, "Time": 192.3545, "Start": 173.12, "event": "Timing", "timestamp": "2025-04-27T19:45:01.041610Z"}
{"key": 10, "of": 198, "target_language": "fr", "video_id": "hsnLi4RqP1w", "event": "Generated voice file", "timestamp": "2025-04-27T19:45:14.255965Z"}
{"key": 11, "of": 198, "target_language": "fr", "video_id": "hsnLi4RqP1w", "event": "Generating voice file", "timestamp": "2025-04-27T19:45:14.255965Z"}
Text split into sentences.
Input: ["N'y reste pas très longtemps et mais il est transformé en un autre composé appelé 25 hydroxy vitamine D et c'est votre sang la forme intermédiaire la forme intermédiaire qui reste dans votre sang pendant des semaines d'accord et c'est un"]
